2017-06-06 02:07:15.375+0000 WARN [o.n.i.p.PageCache] The dbms.memory.pagecache.size setting has not been configured. It is recommended that this setting is always explicitly configured, to ensure the system has a balanced configuration. Until then, a computed heuristic value of 1539792896 bytes will be used instead. 
2017-06-06 02:07:15.737+0000 INFO [o.n.k.i.f.CommunityEditionModule] No locking implementation specified, defaulting to 'community'
2017-06-06 02:07:16.211+0000 INFO [o.n.k.AvailabilityGuard] Requirement makes database unavailable: Database available
2017-06-06 02:07:16.332+0000 INFO [o.n.k.i.DiagnosticsManager] --- INITIALIZED diagnostics START ---
2017-06-06 02:07:16.333+0000 INFO [o.n.k.i.DiagnosticsManager] Neo4j Kernel properties:
2017-06-06 02:07:16.334+0000 INFO [o.n.k.i.DiagnosticsManager] dbms.connector.http.enabled=true
2017-06-06 02:07:16.334+0000 INFO [o.n.k.i.DiagnosticsManager] dbms.security.auth_enabled=false
2017-06-06 02:07:16.334+0000 INFO [o.n.k.i.DiagnosticsManager] dbms.connector.bolt.type=BOLT
2017-06-06 02:07:16.335+0000 INFO [o.n.k.i.DiagnosticsManager] dbms.connector.http.listen_address=localhost:7000
2017-06-06 02:07:16.335+0000 INFO [o.n.k.i.DiagnosticsManager] unsupported.dbms.directories.neo4j_home=/home/danieljr/workspace/DataVisualizationCourse/bbl_vis/db/neo4j/development
2017-06-06 02:07:16.335+0000 INFO [o.n.k.i.DiagnosticsManager] dbms.directories.import=import
2017-06-06 02:07:16.335+0000 INFO [o.n.k.i.DiagnosticsManager] dbms.connector.https.enabled=false
2017-06-06 02:07:16.335+0000 INFO [o.n.k.i.DiagnosticsManager] dbms.jvm.additional=-Dunsupported.dbms.udc.source=tarball
2017-06-06 02:07:16.336+0000 INFO [o.n.k.i.DiagnosticsManager] dbms.connector.http.type=HTTP
2017-06-06 02:07:16.336+0000 INFO [o.n.k.i.DiagnosticsManager] dbms.tx_log.rotation.retention_policy=1 days
2017-06-06 02:07:16.336+0000 INFO [o.n.k.i.DiagnosticsManager] dbms.windows_service_name=neo4j
2017-06-06 02:07:16.336+0000 INFO [o.n.k.i.DiagnosticsManager] dbms.connector.https.listen_address=localhost:6999
2017-06-06 02:07:16.337+0000 INFO [o.n.k.i.DiagnosticsManager] dbms.connector.bolt.listen_address=localhost:6998
2017-06-06 02:07:16.337+0000 INFO [o.n.k.i.DiagnosticsManager] dbms.connector.https.type=HTTP
2017-06-06 02:07:16.337+0000 INFO [o.n.k.i.DiagnosticsManager] unsupported.dbms.edition=community
2017-06-06 02:07:16.337+0000 INFO [o.n.k.i.DiagnosticsManager] dbms.connector.bolt.enabled=true
2017-06-06 02:07:16.338+0000 INFO [o.n.k.i.DiagnosticsManager] Diagnostics providers:
2017-06-06 02:07:16.338+0000 INFO [o.n.k.i.DiagnosticsManager] org.neo4j.kernel.configuration.Config
2017-06-06 02:07:16.338+0000 INFO [o.n.k.i.DiagnosticsManager] org.neo4j.kernel.info.DiagnosticsManager
2017-06-06 02:07:16.338+0000 INFO [o.n.k.i.DiagnosticsManager] SYSTEM_MEMORY
2017-06-06 02:07:16.338+0000 INFO [o.n.k.i.DiagnosticsManager] JAVA_MEMORY
2017-06-06 02:07:16.339+0000 INFO [o.n.k.i.DiagnosticsManager] OPERATING_SYSTEM
2017-06-06 02:07:16.339+0000 INFO [o.n.k.i.DiagnosticsManager] JAVA_VIRTUAL_MACHINE
2017-06-06 02:07:16.339+0000 INFO [o.n.k.i.DiagnosticsManager] CLASSPATH
2017-06-06 02:07:16.339+0000 INFO [o.n.k.i.DiagnosticsManager] LIBRARY_PATH
2017-06-06 02:07:16.339+0000 INFO [o.n.k.i.DiagnosticsManager] SYSTEM_PROPERTIES
2017-06-06 02:07:16.339+0000 INFO [o.n.k.i.DiagnosticsManager] LINUX_SCHEDULERS
2017-06-06 02:07:16.339+0000 INFO [o.n.k.i.DiagnosticsManager] NETWORK
2017-06-06 02:07:16.340+0000 INFO [o.n.k.i.DiagnosticsManager] System memory information:
2017-06-06 02:07:16.359+0000 INFO [o.n.k.i.DiagnosticsManager] Total Physical memory: 3,83 GB
2017-06-06 02:07:16.360+0000 INFO [o.n.k.i.DiagnosticsManager] Free Physical memory: 354,34 MB
2017-06-06 02:07:16.363+0000 INFO [o.n.k.i.DiagnosticsManager] Committed virtual memory: 3,30 GB
2017-06-06 02:07:16.365+0000 INFO [o.n.k.i.DiagnosticsManager] Total swap space: 1,91 GB
2017-06-06 02:07:16.365+0000 INFO [o.n.k.i.DiagnosticsManager] Free swap space: 1,89 GB
2017-06-06 02:07:16.365+0000 INFO [o.n.k.i.DiagnosticsManager] JVM memory information:
2017-06-06 02:07:16.366+0000 INFO [o.n.k.i.DiagnosticsManager] Free  memory: 29,15 MB
2017-06-06 02:07:16.367+0000 INFO [o.n.k.i.DiagnosticsManager] Total memory: 62,00 MB
2017-06-06 02:07:16.367+0000 INFO [o.n.k.i.DiagnosticsManager] Max   memory: 980,00 MB
2017-06-06 02:07:16.393+0000 INFO [o.n.k.i.DiagnosticsManager] Garbage Collector: G1 Young Generation: [G1 Eden Space, G1 Survivor Space]
2017-06-06 02:07:16.393+0000 INFO [o.n.k.i.DiagnosticsManager] Garbage Collector: G1 Old Generation: [G1 Eden Space, G1 Survivor Space, G1 Old Gen]
2017-06-06 02:07:16.396+0000 INFO [o.n.k.i.DiagnosticsManager] Memory Pool: Code Cache (Non-heap memory): committed=4,56 MB, used=4,56 MB, max=240,00 MB, threshold=0,00 B
2017-06-06 02:07:16.397+0000 INFO [o.n.k.i.DiagnosticsManager] Memory Pool: Metaspace (Non-heap memory): committed=12,50 MB, used=11,74 MB, max=-1,00 B, threshold=0,00 B
2017-06-06 02:07:16.397+0000 INFO [o.n.k.i.DiagnosticsManager] Memory Pool: Compressed Class Space (Non-heap memory): committed=1,75 MB, used=1,54 MB, max=1,00 GB, threshold=0,00 B
2017-06-06 02:07:16.398+0000 INFO [o.n.k.i.DiagnosticsManager] Memory Pool: G1 Eden Space (Heap memory): committed=17,00 MB, used=12,00 MB, max=-1,00 B, threshold=?
2017-06-06 02:07:16.399+0000 INFO [o.n.k.i.DiagnosticsManager] Memory Pool: G1 Survivor Space (Heap memory): committed=1,00 MB, used=1,00 MB, max=-1,00 B, threshold=?
2017-06-06 02:07:16.400+0000 INFO [o.n.k.i.DiagnosticsManager] Memory Pool: G1 Old Gen (Heap memory): committed=44,00 MB, used=19,22 MB, max=980,00 MB, threshold=0,00 B
2017-06-06 02:07:16.400+0000 INFO [o.n.k.i.DiagnosticsManager] Operating system information:
2017-06-06 02:07:16.401+0000 INFO [o.n.k.i.DiagnosticsManager] Operating System: Linux; version: 4.8.0-52-generic; arch: amd64; cpus: 2
2017-06-06 02:07:16.401+0000 INFO [o.n.k.i.DiagnosticsManager] Max number of file descriptors: 65536
2017-06-06 02:07:16.402+0000 INFO [o.n.k.i.DiagnosticsManager] Number of open file descriptors: 97
2017-06-06 02:07:16.403+0000 INFO [o.n.k.i.DiagnosticsManager] Process id: 6301@danieljr-POSITIVO-MOBILE
2017-06-06 02:07:16.403+0000 INFO [o.n.k.i.DiagnosticsManager] Byte order: LITTLE_ENDIAN
2017-06-06 02:07:16.404+0000 INFO [o.n.k.i.DiagnosticsManager] Local timezone: America/Sao_Paulo
2017-06-06 02:07:16.404+0000 INFO [o.n.k.i.DiagnosticsManager] JVM information:
2017-06-06 02:07:16.404+0000 INFO [o.n.k.i.DiagnosticsManager] VM Name: Java HotSpot(TM) 64-Bit Server VM
2017-06-06 02:07:16.404+0000 INFO [o.n.k.i.DiagnosticsManager] VM Vendor: Oracle Corporation
2017-06-06 02:07:16.404+0000 INFO [o.n.k.i.DiagnosticsManager] VM Version: 25.131-b11
2017-06-06 02:07:16.426+0000 INFO [o.n.k.i.DiagnosticsManager] JIT compiler: HotSpot 64-Bit Tiered Compilers
2017-06-06 02:07:16.427+0000 INFO [o.n.k.i.DiagnosticsManager] VM Arguments: [-XX:+UseG1GC, -XX:-OmitStackTraceInFastThrow, -XX:+AlwaysPreTouch, -XX:+UnlockExperimentalVMOptions, -XX:+TrustFinalNonStaticFields, -XX:+DisableExplicitGC, -Djdk.tls.ephemeralDHKeySize=2048, -Dunsupported.dbms.udc.source=tarball, -Dfile.encoding=UTF-8]
2017-06-06 02:07:16.427+0000 INFO [o.n.k.i.DiagnosticsManager] Java classpath:
2017-06-06 02:07:16.431+0000 INFO [o.n.k.i.DiagnosticsManager]  [classpath + loader.0] file:/home/danieljr/workspace/DataVisualizationCourse/bbl_vis/db/neo4j/development/lib/neo4j-io-3.2.1.jar
2017-06-06 02:07:16.432+0000 INFO [o.n.k.i.DiagnosticsManager]  [classpath + loader.0] file:/home/danieljr/workspace/DataVisualizationCourse/bbl_vis/db/neo4j/development/lib/commons-logging-1.1.1.jar
2017-06-06 02:07:16.432+0000 INFO [o.n.k.i.DiagnosticsManager]  [classpath + loader.0] file:/home/danieljr/workspace/DataVisualizationCourse/bbl_vis/db/neo4j/development/lib/jackson-core-asl-1.9.13.jar
2017-06-06 02:07:16.432+0000 INFO [o.n.k.i.DiagnosticsManager]  [classpath + loader.0] file:/home/danieljr/workspace/DataVisualizationCourse/bbl_vis/db/neo4j/development/lib/neo4j-dbms-3.2.1.jar
2017-06-06 02:07:16.432+0000 INFO [o.n.k.i.DiagnosticsManager]  [loader.1] file:/usr/lib/jvm/java-8-oracle/jre/lib/ext/zipfs.jar
2017-06-06 02:07:16.432+0000 INFO [o.n.k.i.DiagnosticsManager]  [classpath + loader.0] file:/home/danieljr/workspace/DataVisualizationCourse/bbl_vis/db/neo4j/development/lib/jetty-webapp-9.2.9.v20150224.jar
2017-06-06 02:07:16.432+0000 INFO [o.n.k.i.DiagnosticsManager]  [classpath + loader.0] file:/home/danieljr/workspace/DataVisualizationCourse/bbl_vis/db/neo4j/development/lib/neo4j-cypher-frontend-2.3-2.3.10.jar
2017-06-06 02:07:16.432+0000 INFO [o.n.k.i.DiagnosticsManager]  [classpath + loader.0] file:/home/danieljr/workspace/DataVisualizationCourse/bbl_vis/db/neo4j/development/plugins/
2017-06-06 02:07:16.433+0000 INFO [o.n.k.i.DiagnosticsManager]  [classpath + loader.0] file:/home/danieljr/workspace/DataVisualizationCourse/bbl_vis/db/neo4j/development/lib/jersey-core-1.19.jar
2017-06-06 02:07:16.433+0000 INFO [o.n.k.i.DiagnosticsManager]  [classpath + loader.0] file:/home/danieljr/workspace/DataVisualizationCourse/bbl_vis/db/neo4j/development/conf/
2017-06-06 02:07:16.433+0000 INFO [o.n.k.i.DiagnosticsManager]  [classpath + loader.0] file:/home/danieljr/workspace/DataVisualizationCourse/bbl_vis/db/neo4j/development/lib/neo4j-server-3.2.1.jar
2017-06-06 02:07:16.433+0000 INFO [o.n.k.i.DiagnosticsManager]  [classpath + loader.0] file:/home/danieljr/workspace/DataVisualizationCourse/bbl_vis/db/neo4j/development/lib/jersey-multipart-1.19.jar
2017-06-06 02:07:16.433+0000 INFO [o.n.k.i.DiagnosticsManager]  [classpath + loader.0] file:/home/danieljr/workspace/DataVisualizationCourse/bbl_vis/db/neo4j/development/lib/lucene-core-5.5.0.jar
2017-06-06 02:07:16.433+0000 INFO [o.n.k.i.DiagnosticsManager]  [bootstrap] /usr/lib/jvm/java-8-oracle/jre/lib/jfr.jar
2017-06-06 02:07:16.433+0000 INFO [o.n.k.i.DiagnosticsManager]  [classpath + loader.0] file:/home/danieljr/workspace/DataVisualizationCourse/bbl_vis/db/neo4j/development/lib/lucene-codecs-5.5.0.jar
2017-06-06 02:07:16.433+0000 INFO [o.n.k.i.DiagnosticsManager]  [classpath + loader.0] file:/home/danieljr/workspace/DataVisualizationCourse/bbl_vis/db/neo4j/development/lib/jetty-http-9.2.9.v20150224.jar
2017-06-06 02:07:16.433+0000 INFO [o.n.k.i.DiagnosticsManager]  [classpath + loader.0] file:/home/danieljr/workspace/DataVisualizationCourse/bbl_vis/db/neo4j/development/lib/mimepull-1.9.3.jar
2017-06-06 02:07:16.434+0000 INFO [o.n.k.i.DiagnosticsManager]  [classpath + loader.0] file:/home/danieljr/workspace/DataVisualizationCourse/bbl_vis/db/neo4j/development/lib/commons-digester-2.1.jar
2017-06-06 02:07:16.434+0000 INFO [o.n.k.i.DiagnosticsManager]  [classpath + loader.0] file:/home/danieljr/workspace/DataVisualizationCourse/bbl_vis/db/neo4j/development/lib/rhino-1.7R4.jar
2017-06-06 02:07:16.434+0000 INFO [o.n.k.i.DiagnosticsManager]  [classpath + loader.0] file:/home/danieljr/workspace/DataVisualizationCourse/bbl_vis/db/neo4j/development/plugins/*
2017-06-06 02:07:16.434+0000 INFO [o.n.k.i.DiagnosticsManager]  [classpath + loader.0] file:/home/danieljr/workspace/DataVisualizationCourse/bbl_vis/db/neo4j/development/lib/neo4j-resource-3.2.1.jar
2017-06-06 02:07:16.434+0000 INFO [o.n.k.i.DiagnosticsManager]  [classpath + loader.0] file:/home/danieljr/workspace/DataVisualizationCourse/bbl_vis/db/neo4j/development/lib/neo4j-browser-3.0.4.jar
2017-06-06 02:07:16.434+0000 INFO [o.n.k.i.DiagnosticsManager]  [bootstrap] /usr/lib/jvm/java-8-oracle/jre/lib/jsse.jar
2017-06-06 02:07:16.434+0000 INFO [o.n.k.i.DiagnosticsManager]  [classpath + loader.0] file:/home/danieljr/workspace/DataVisualizationCourse/bbl_vis/db/neo4j/development/lib/parboiled-scala_2.11-1.1.7.jar
2017-06-06 02:07:16.434+0000 INFO [o.n.k.i.DiagnosticsManager]  [classpath + loader.0] file:/home/danieljr/workspace/DataVisualizationCourse/bbl_vis/db/neo4j/development/lib/neo4j-graphdb-api-3.2.1.jar
2017-06-06 02:07:16.435+0000 INFO [o.n.k.i.DiagnosticsManager]  [classpath + loader.0] file:/home/danieljr/workspace/DataVisualizationCourse/bbl_vis/db/neo4j/development/lib/parboiled-core-1.1.7.jar
2017-06-06 02:07:16.435+0000 INFO [o.n.k.i.DiagnosticsManager]  [loader.1] file:/usr/lib/jvm/java-8-oracle/jre/lib/ext/cldrdata.jar
2017-06-06 02:07:16.435+0000 INFO [o.n.k.i.DiagnosticsManager]  [classpath + loader.0] file:/home/danieljr/workspace/DataVisualizationCourse/bbl_vis/db/neo4j/development/lib/neo4j-cypher-frontend-3.1-3.1.4.jar
2017-06-06 02:07:16.435+0000 INFO [o.n.k.i.DiagnosticsManager]  [classpath + loader.0] file:/home/danieljr/workspace/DataVisualizationCourse/bbl_vis/db/neo4j/development/lib/neo4j-primitive-collections-3.2.1.jar
2017-06-06 02:07:16.435+0000 INFO [o.n.k.i.DiagnosticsManager]  [loader.1] file:/usr/lib/jvm/java-8-oracle/jre/lib/ext/sunec.jar
2017-06-06 02:07:16.435+0000 INFO [o.n.k.i.DiagnosticsManager]  [classpath + loader.0] file:/home/danieljr/workspace/DataVisualizationCourse/bbl_vis/db/neo4j/development/lib/jetty-server-9.2.9.v20150224.jar
2017-06-06 02:07:16.435+0000 INFO [o.n.k.i.DiagnosticsManager]  [loader.1] file:/usr/lib/jvm/java-8-oracle/jre/lib/ext/sunjce_provider.jar
2017-06-06 02:07:16.435+0000 INFO [o.n.k.i.DiagnosticsManager]  [classpath + loader.0] file:/home/danieljr/workspace/DataVisualizationCourse/bbl_vis/db/neo4j/development/lib/jetty-io-9.2.9.v20150224.jar
2017-06-06 02:07:16.435+0000 INFO [o.n.k.i.DiagnosticsManager]  [classpath + loader.0] file:/home/danieljr/workspace/DataVisualizationCourse/bbl_vis/db/neo4j/development/lib/neo4j-import-tool-3.2.1.jar
2017-06-06 02:07:16.435+0000 INFO [o.n.k.i.DiagnosticsManager]  [classpath + loader.0] file:/home/danieljr/workspace/DataVisualizationCourse/bbl_vis/db/neo4j/development/lib/bcpkix-jdk15on-1.53.jar
2017-06-06 02:07:16.436+0000 INFO [o.n.k.i.DiagnosticsManager]  [classpath + loader.0] file:/home/danieljr/workspace/DataVisualizationCourse/bbl_vis/db/neo4j/development/lib/jsr311-api-1.1.2.r612.jar
2017-06-06 02:07:16.436+0000 INFO [o.n.k.i.DiagnosticsManager]  [classpath + loader.0] file:/home/danieljr/workspace/DataVisualizationCourse/bbl_vis/db/neo4j/development/lib/neo4j-common-3.2.1.jar
2017-06-06 02:07:16.436+0000 INFO [o.n.k.i.DiagnosticsManager]  [classpath + loader.0] file:/home/danieljr/workspace/DataVisualizationCourse/bbl_vis/db/neo4j/development/lib/neo4j-command-line-3.2.1.jar
2017-06-06 02:07:16.436+0000 INFO [o.n.k.i.DiagnosticsManager]  [classpath + loader.0] file:/home/danieljr/workspace/DataVisualizationCourse/bbl_vis/db/neo4j/development/lib/commons-configuration-1.10.jar
2017-06-06 02:07:16.436+0000 INFO [o.n.k.i.DiagnosticsManager]  [classpath + loader.0] file:/home/danieljr/workspace/DataVisualizationCourse/bbl_vis/db/neo4j/development/lib/neo4j-cypher-frontend-3.2-3.2.1.jar
2017-06-06 02:07:16.436+0000 INFO [o.n.k.i.DiagnosticsManager]  [loader.1] file:/usr/lib/jvm/java-8-oracle/jre/lib/ext/dnsns.jar
2017-06-06 02:07:16.436+0000 INFO [o.n.k.i.DiagnosticsManager]  [classpath + loader.0] file:/home/danieljr/workspace/DataVisualizationCourse/bbl_vis/db/neo4j/development/lib/neo4j-logging-3.2.1.jar
2017-06-06 02:07:16.436+0000 INFO [o.n.k.i.DiagnosticsManager]  [classpath + loader.0] file:/home/danieljr/workspace/DataVisualizationCourse/bbl_vis/db/neo4j/development/lib/commons-beanutils-1.8.3.jar
2017-06-06 02:07:16.436+0000 INFO [o.n.k.i.DiagnosticsManager]  [classpath + loader.0] file:/home/danieljr/workspace/DataVisualizationCourse/bbl_vis/db/neo4j/development/lib/netty-all-4.1.8.Final.jar
2017-06-06 02:07:16.436+0000 INFO [o.n.k.i.DiagnosticsManager]  [classpath + loader.0] file:/home/danieljr/workspace/DataVisualizationCourse/bbl_vis/db/neo4j/development/lib/neo4j-configuration-3.2.1.jar
2017-06-06 02:07:16.437+0000 INFO [o.n.k.i.DiagnosticsManager]  [classpath + loader.0] file:/home/danieljr/workspace/DataVisualizationCourse/bbl_vis/db/neo4j/development/lib/neo4j-kernel-3.2.1.jar
2017-06-06 02:07:16.437+0000 INFO [o.n.k.i.DiagnosticsManager]  [classpath + loader.0] file:/home/danieljr/workspace/DataVisualizationCourse/bbl_vis/db/neo4j/development/lib/jetty-servlet-9.2.9.v20150224.jar
2017-06-06 02:07:16.437+0000 INFO [o.n.k.i.DiagnosticsManager]  [classpath + loader.0] file:/home/danieljr/workspace/DataVisualizationCourse/bbl_vis/db/neo4j/development/lib/bcprov-jdk15on-1.53.jar
2017-06-06 02:07:16.437+0000 INFO [o.n.k.i.DiagnosticsManager]  [classpath + loader.0] file:/home/danieljr/workspace/DataVisualizationCourse/bbl_vis/db/neo4j/development/lib/neo4j-cypher-ir-3.2-3.2.1.jar
2017-06-06 02:07:16.437+0000 INFO [o.n.k.i.DiagnosticsManager]  [loader.1] file:/usr/lib/jvm/java-8-oracle/jre/lib/ext/jfxrt.jar
2017-06-06 02:07:16.437+0000 INFO [o.n.k.i.DiagnosticsManager]  [bootstrap] /usr/lib/jvm/java-8-oracle/jre/lib/jce.jar
2017-06-06 02:07:16.437+0000 INFO [o.n.k.i.DiagnosticsManager]  [classpath + loader.0] file:/home/danieljr/workspace/DataVisualizationCourse/bbl_vis/db/neo4j/development/lib/neo4j-security-3.2.1.jar
2017-06-06 02:07:16.437+0000 INFO [o.n.k.i.DiagnosticsManager]  [classpath + loader.0] file:/home/danieljr/workspace/DataVisualizationCourse/bbl_vis/db/neo4j/development/lib/neo4j-index-3.2.1.jar
2017-06-06 02:07:16.437+0000 INFO [o.n.k.i.DiagnosticsManager]  [classpath + loader.0] file:/home/danieljr/workspace/DataVisualizationCourse/bbl_vis/db/neo4j/development/lib/jackson-jaxrs-1.9.13.jar
2017-06-06 02:07:16.438+0000 INFO [o.n.k.i.DiagnosticsManager]  [classpath + loader.0] file:/home/danieljr/workspace/DataVisualizationCourse/bbl_vis/db/neo4j/development/lib/neo4j-udc-3.2.1.jar
2017-06-06 02:07:16.438+0000 INFO [o.n.k.i.DiagnosticsManager]  [classpath + loader.0] file:/home/danieljr/workspace/DataVisualizationCourse/bbl_vis/db/neo4j/development/lib/jersey-servlet-1.19.jar
2017-06-06 02:07:16.438+0000 INFO [o.n.k.i.DiagnosticsManager]  [loader.1] file:/usr/lib/jvm/java-8-oracle/jre/lib/ext/jaccess.jar
2017-06-06 02:07:16.438+0000 INFO [o.n.k.i.DiagnosticsManager]  [classpath + loader.0] file:/home/danieljr/workspace/DataVisualizationCourse/bbl_vis/db/neo4j/development/lib/neo4j-lucene-index-3.2.1.jar
2017-06-06 02:07:16.438+0000 INFO [o.n.k.i.DiagnosticsManager]  [classpath + loader.0] file:/home/danieljr/workspace/DataVisualizationCourse/bbl_vis/db/neo4j/development/lib/neo4j-bolt-3.2.1.jar
2017-06-06 02:07:16.438+0000 INFO [o.n.k.i.DiagnosticsManager]  [classpath + loader.0] file:/home/danieljr/workspace/DataVisualizationCourse/bbl_vis/db/neo4j/development/lib/neo4j-graph-algo-3.2.1.jar
2017-06-06 02:07:16.438+0000 INFO [o.n.k.i.DiagnosticsManager]  [loader.1] file:/usr/lib/jvm/java-8-oracle/jre/lib/ext/sunpkcs11.jar
2017-06-06 02:07:16.439+0000 INFO [o.n.k.i.DiagnosticsManager]  [classpath + loader.0] file:/home/danieljr/workspace/DataVisualizationCourse/bbl_vis/db/neo4j/development/lib/server-api-3.2.1.jar
2017-06-06 02:07:16.439+0000 INFO [o.n.k.i.DiagnosticsManager]  [classpath + loader.0] file:/home/danieljr/workspace/DataVisualizationCourse/bbl_vis/db/neo4j/development/lib/javax.servlet-api-3.1.0.jar
2017-06-06 02:07:16.439+0000 INFO [o.n.k.i.DiagnosticsManager]  [classpath + loader.0] file:/home/danieljr/workspace/DataVisualizationCourse/bbl_vis/db/neo4j/development/lib/lucene-analyzers-common-5.5.0.jar
2017-06-06 02:07:16.439+0000 INFO [o.n.k.i.DiagnosticsManager]  [classpath + loader.0] file:/home/danieljr/workspace/DataVisualizationCourse/bbl_vis/db/neo4j/development/lib/jetty-xml-9.2.9.v20150224.jar
2017-06-06 02:07:16.439+0000 INFO [o.n.k.i.DiagnosticsManager]  [classpath + loader.0] file:/home/danieljr/workspace/DataVisualizationCourse/bbl_vis/db/neo4j/development/lib/jersey-server-1.19.jar
2017-06-06 02:07:16.439+0000 INFO [o.n.k.i.DiagnosticsManager]  [classpath + loader.0] file:/home/danieljr/workspace/DataVisualizationCourse/bbl_vis/db/neo4j/development/lib/jetty-util-9.2.9.v20150224.jar
2017-06-06 02:07:16.439+0000 INFO [o.n.k.i.DiagnosticsManager]  [bootstrap] /usr/lib/jvm/java-8-oracle/jre/lib/rt.jar
2017-06-06 02:07:16.439+0000 INFO [o.n.k.i.DiagnosticsManager]  [classpath + loader.0] file:/home/danieljr/workspace/DataVisualizationCourse/bbl_vis/db/neo4j/development/lib/neo4j-shell-3.2.1.jar
2017-06-06 02:07:16.439+0000 INFO [o.n.k.i.DiagnosticsManager]  [classpath + loader.0] file:/home/danieljr/workspace/DataVisualizationCourse/bbl_vis/db/neo4j/development/lib/jackson-mapper-asl-1.9.13.jar
2017-06-06 02:07:16.439+0000 INFO [o.n.k.i.DiagnosticsManager]  [classpath + loader.0] file:/home/danieljr/workspace/DataVisualizationCourse/bbl_vis/db/neo4j/development/lib/neo4j-unsafe-3.2.1.jar
2017-06-06 02:07:16.440+0000 INFO [o.n.k.i.DiagnosticsManager]  [bootstrap] /usr/lib/jvm/java-8-oracle/jre/lib/charsets.jar
2017-06-06 02:07:16.440+0000 INFO [o.n.k.i.DiagnosticsManager]  [classpath + loader.0] file:/home/danieljr/workspace/DataVisualizationCourse/bbl_vis/db/neo4j/development/lib/caffeine-2.3.3.jar
2017-06-06 02:07:16.440+0000 INFO [o.n.k.i.DiagnosticsManager]  [classpath + loader.0] file:/home/danieljr/workspace/DataVisualizationCourse/bbl_vis/db/neo4j/development/lib/lucene-queryparser-5.5.0.jar
2017-06-06 02:07:16.440+0000 INFO [o.n.k.i.DiagnosticsManager]  [classpath + loader.0] file:/home/danieljr/workspace/DataVisualizationCourse/bbl_vis/db/neo4j/development/lib/neo4j-cypher-3.2.1.jar
2017-06-06 02:07:16.440+0000 INFO [o.n.k.i.DiagnosticsManager]  [classpath + loader.0] file:/home/danieljr/workspace/DataVisualizationCourse/bbl_vis/db/neo4j/development/lib/commons-lang3-3.3.2.jar
2017-06-06 02:07:16.440+0000 INFO [o.n.k.i.DiagnosticsManager]  [classpath + loader.0] file:/home/danieljr/workspace/DataVisualizationCourse/bbl_vis/db/neo4j/development/lib/neo4j-csv-3.2.1.jar
2017-06-06 02:07:16.440+0000 INFO [o.n.k.i.DiagnosticsManager]  [classpath + loader.0] file:/home/danieljr/workspace/DataVisualizationCourse/bbl_vis/db/neo4j/development/lib/scala-library-2.11.8.jar
2017-06-06 02:07:16.440+0000 INFO [o.n.k.i.DiagnosticsManager]  [classpath + loader.0] file:/home/danieljr/workspace/DataVisualizationCourse/bbl_vis/db/neo4j/development/lib/neo4j-jmx-3.2.1.jar
2017-06-06 02:07:16.440+0000 INFO [o.n.k.i.DiagnosticsManager]  [classpath + loader.0] file:/home/danieljr/workspace/DataVisualizationCourse/bbl_vis/db/neo4j/development/lib/neo4j-cypher-compiler-3.2-3.2.1.jar
2017-06-06 02:07:16.440+0000 INFO [o.n.k.i.DiagnosticsManager]  [classpath + loader.0] file:/home/danieljr/workspace/DataVisualizationCourse/bbl_vis/db/neo4j/development/lib/scala-reflect-2.11.8.jar
2017-06-06 02:07:16.440+0000 INFO [o.n.k.i.DiagnosticsManager]  [bootstrap] /usr/lib/jvm/java-8-oracle/jre/classes
2017-06-06 02:07:16.441+0000 INFO [o.n.k.i.DiagnosticsManager]  [classpath + loader.0] file:/home/danieljr/workspace/DataVisualizationCourse/bbl_vis/db/neo4j/development/lib/neo4j-cypher-compiler-2.3-2.3.10.jar
2017-06-06 02:07:16.441+0000 INFO [o.n.k.i.DiagnosticsManager]  [classpath + loader.0] file:/home/danieljr/workspace/DataVisualizationCourse/bbl_vis/db/neo4j/development/lib/jetty-security-9.2.9.v20150224.jar
2017-06-06 02:07:16.441+0000 INFO [o.n.k.i.DiagnosticsManager]  [classpath + loader.0] file:/home/danieljr/workspace/DataVisualizationCourse/bbl_vis/db/neo4j/development/lib/jline-2.12.jar
2017-06-06 02:07:16.441+0000 INFO [o.n.k.i.DiagnosticsManager]  [classpath + loader.0] file:/home/danieljr/workspace/DataVisualizationCourse/bbl_vis/db/neo4j/development/lib/concurrentlinkedhashmap-lru-1.4.2.jar
2017-06-06 02:07:16.441+0000 INFO [o.n.k.i.DiagnosticsManager]  [classpath + loader.0] file:/home/danieljr/workspace/DataVisualizationCourse/bbl_vis/db/neo4j/development/lib/neo4j-lucene-upgrade-3.2.1.jar
2017-06-06 02:07:16.441+0000 INFO [o.n.k.i.DiagnosticsManager]  [loader.1] file:/usr/lib/jvm/java-8-oracle/jre/lib/ext/nashorn.jar
2017-06-06 02:07:16.441+0000 INFO [o.n.k.i.DiagnosticsManager]  [classpath + loader.0] file:/home/danieljr/workspace/DataVisualizationCourse/bbl_vis/db/neo4j/development/lib/neo4j-consistency-check-3.2.1.jar
2017-06-06 02:07:16.441+0000 INFO [o.n.k.i.DiagnosticsManager]  [classpath + loader.0] file:/home/danieljr/workspace/DataVisualizationCourse/bbl_vis/db/neo4j/development/lib/asm-5.2.jar
2017-06-06 02:07:16.441+0000 INFO [o.n.k.i.DiagnosticsManager]  [bootstrap] /usr/lib/jvm/java-8-oracle/jre/lib/sunrsasign.jar
2017-06-06 02:07:16.441+0000 INFO [o.n.k.i.DiagnosticsManager]  [classpath + loader.0] file:/home/danieljr/workspace/DataVisualizationCourse/bbl_vis/db/neo4j/development/lib/commons-compress-1.12.jar
2017-06-06 02:07:16.442+0000 INFO [o.n.k.i.DiagnosticsManager]  [bootstrap] /usr/lib/jvm/java-8-oracle/jre/lib/resources.jar
2017-06-06 02:07:16.442+0000 INFO [o.n.k.i.DiagnosticsManager]  [classpath + loader.0] file:/home/danieljr/workspace/DataVisualizationCourse/bbl_vis/db/neo4j/development/lib/neo4j-cypher-compiler-3.1-3.1.4.jar
2017-06-06 02:07:16.442+0000 INFO [o.n.k.i.DiagnosticsManager]  [loader.1] file:/usr/lib/jvm/java-8-oracle/jre/lib/ext/localedata.jar
2017-06-06 02:07:16.442+0000 INFO [o.n.k.i.DiagnosticsManager]  [classpath + loader.0] file:/home/danieljr/workspace/DataVisualizationCourse/bbl_vis/db/neo4j/development/lib/commons-io-2.4.jar
2017-06-06 02:07:16.442+0000 INFO [o.n.k.i.DiagnosticsManager]  [classpath + loader.0] file:/home/danieljr/workspace/DataVisualizationCourse/bbl_vis/db/neo4j/development/lib/neo4j-codegen-3.2.1.jar
2017-06-06 02:07:16.442+0000 INFO [o.n.k.i.DiagnosticsManager]  [classpath + loader.0] file:/home/danieljr/workspace/DataVisualizationCourse/bbl_vis/db/neo4j/development/lib/neo4j-collections-3.2.1.jar
2017-06-06 02:07:16.442+0000 INFO [o.n.k.i.DiagnosticsManager]  [classpath + loader.0] file:/home/danieljr/workspace/DataVisualizationCourse/bbl_vis/db/neo4j/development/lib/neo4j-graph-matching-3.1.3.jar
2017-06-06 02:07:16.442+0000 INFO [o.n.k.i.DiagnosticsManager]  [classpath + loader.0] file:/home/danieljr/workspace/DataVisualizationCourse/bbl_vis/db/neo4j/development/lib/commons-lang-2.6.jar
2017-06-06 02:07:16.443+0000 INFO [o.n.k.i.DiagnosticsManager]  [classpath + loader.0] file:/home/danieljr/workspace/DataVisualizationCourse/bbl_vis/db/neo4j/development/lib/opencsv-2.3.jar
2017-06-06 02:07:16.443+0000 INFO [o.n.k.i.DiagnosticsManager] Library path:
2017-06-06 02:07:16.443+0000 INFO [o.n.k.i.DiagnosticsManager] /usr/java/packages/lib/amd64
2017-06-06 02:07:16.443+0000 INFO [o.n.k.i.DiagnosticsManager] /usr/lib64
2017-06-06 02:07:16.444+0000 INFO [o.n.k.i.DiagnosticsManager] /lib64
2017-06-06 02:07:16.444+0000 INFO [o.n.k.i.DiagnosticsManager] /lib
2017-06-06 02:07:16.444+0000 INFO [o.n.k.i.DiagnosticsManager] /usr/lib
2017-06-06 02:07:16.444+0000 INFO [o.n.k.i.DiagnosticsManager] System.properties:
2017-06-06 02:07:16.445+0000 INFO [o.n.k.i.DiagnosticsManager] sun.boot.library.path = /usr/lib/jvm/java-8-oracle/jre/lib/amd64
2017-06-06 02:07:16.445+0000 INFO [o.n.k.i.DiagnosticsManager] path.separator = :
2017-06-06 02:07:16.445+0000 INFO [o.n.k.i.DiagnosticsManager] file.encoding.pkg = sun.io
2017-06-06 02:07:16.445+0000 INFO [o.n.k.i.DiagnosticsManager] user.country = BR
2017-06-06 02:07:16.446+0000 INFO [o.n.k.i.DiagnosticsManager] sun.java.launcher = SUN_STANDARD
2017-06-06 02:07:16.446+0000 INFO [o.n.k.i.DiagnosticsManager] sun.os.patch.level = unknown
2017-06-06 02:07:16.446+0000 INFO [o.n.k.i.DiagnosticsManager] user.dir = /home/danieljr/workspace/DataVisualizationCourse/bbl_vis
2017-06-06 02:07:16.446+0000 INFO [o.n.k.i.DiagnosticsManager] sun.jnu.encoding = UTF-8
2017-06-06 02:07:16.446+0000 INFO [o.n.k.i.DiagnosticsManager] unsupported.dbms.udc.source = tarball
2017-06-06 02:07:16.446+0000 INFO [o.n.k.i.DiagnosticsManager] sun.management.compiler = HotSpot 64-Bit Tiered Compilers
2017-06-06 02:07:16.446+0000 INFO [o.n.k.i.DiagnosticsManager] user.home = /home/danieljr
2017-06-06 02:07:16.446+0000 INFO [o.n.k.i.DiagnosticsManager] user.timezone = America/Sao_Paulo
2017-06-06 02:07:16.446+0000 INFO [o.n.k.i.DiagnosticsManager] file.encoding = UTF-8
2017-06-06 02:07:16.447+0000 INFO [o.n.k.i.DiagnosticsManager] user.name = danieljr
2017-06-06 02:07:16.447+0000 INFO [o.n.k.i.DiagnosticsManager] sun.java.command = org.neo4j.server.CommunityEntryPoint --home-dir=/home/danieljr/workspace/DataVisualizationCourse/bbl_vis/db/neo4j/development --config-dir=/home/danieljr/workspace/DataVisualizationCourse/bbl_vis/db/neo4j/development/conf
2017-06-06 02:07:16.447+0000 INFO [o.n.k.i.DiagnosticsManager] sun.arch.data.model = 64
2017-06-06 02:07:16.447+0000 INFO [o.n.k.i.DiagnosticsManager] user.language = pt
2017-06-06 02:07:16.447+0000 INFO [o.n.k.i.DiagnosticsManager] awt.toolkit = sun.awt.X11.XToolkit
2017-06-06 02:07:16.447+0000 INFO [o.n.k.i.DiagnosticsManager] jdk.tls.ephemeralDHKeySize = 2048
2017-06-06 02:07:16.447+0000 INFO [o.n.k.i.DiagnosticsManager] file.separator = /
2017-06-06 02:07:16.448+0000 INFO [o.n.k.i.DiagnosticsManager] sun.io.unicode.encoding = UnicodeLittle
2017-06-06 02:07:16.448+0000 INFO [o.n.k.i.DiagnosticsManager] sun.cpu.endian = little
2017-06-06 02:07:16.448+0000 INFO [o.n.k.i.DiagnosticsManager] sun.desktop = gnome
2017-06-06 02:07:16.448+0000 INFO [o.n.k.i.DiagnosticsManager] sun.cpu.isalist = 
2017-06-06 02:07:16.448+0000 INFO [o.n.k.i.DiagnosticsManager] Linux scheduler information:
2017-06-06 02:07:16.519+0000 INFO [o.n.k.i.DiagnosticsManager] none
2017-06-06 02:07:16.520+0000 INFO [o.n.k.i.DiagnosticsManager] none
2017-06-06 02:07:16.521+0000 INFO [o.n.k.i.DiagnosticsManager] none
2017-06-06 02:07:16.522+0000 INFO [o.n.k.i.DiagnosticsManager] noop [deadline] cfq 
2017-06-06 02:07:16.523+0000 INFO [o.n.k.i.DiagnosticsManager] none
2017-06-06 02:07:16.523+0000 INFO [o.n.k.i.DiagnosticsManager] none
2017-06-06 02:07:16.525+0000 INFO [o.n.k.i.DiagnosticsManager] noop [deadline] cfq 
2017-06-06 02:07:16.527+0000 INFO [o.n.k.i.DiagnosticsManager] none
2017-06-06 02:07:16.529+0000 INFO [o.n.k.i.DiagnosticsManager] none
2017-06-06 02:07:16.530+0000 INFO [o.n.k.i.DiagnosticsManager] none
2017-06-06 02:07:16.530+0000 INFO [o.n.k.i.DiagnosticsManager] Network information:
2017-06-06 02:07:16.539+0000 INFO [o.n.k.i.DiagnosticsManager] Interface wlp1s0:
2017-06-06 02:07:16.540+0000 INFO [o.n.k.i.DiagnosticsManager]     address: fe80:0:0:0:620a:8a97:9406:3961%wlp1s0
2017-06-06 02:07:16.540+0000 INFO [o.n.k.i.DiagnosticsManager]     address: 192.168.0.104
2017-06-06 02:07:16.542+0000 INFO [o.n.k.i.DiagnosticsManager] Interface lo:
2017-06-06 02:07:16.542+0000 INFO [o.n.k.i.DiagnosticsManager]     address: 0:0:0:0:0:0:0:1%lo
2017-06-06 02:07:16.542+0000 INFO [o.n.k.i.DiagnosticsManager]     address: 127.0.0.1
2017-06-06 02:07:16.542+0000 INFO [o.n.k.i.DiagnosticsManager] --- INITIALIZED diagnostics END ---
2017-06-06 02:07:16.777+0000 INFO [o.n.b.v.r.WorkerFactory] No SSL certificate found, generating a self-signed certificate..
2017-06-06 02:07:19.483+0000 INFO [o.n.b.v.r.WorkerFactory] Bolt Server extension loaded.
2017-06-06 02:07:19.484+0000 INFO [o.n.b.v.r.WorkerFactory] Bolt enabled on localhost:6998.
2017-06-06 02:07:19.856+0000 INFO [o.n.k.i.s.f.RecordFormatSelector] Selected format 'RecordFormat:StandardV3_2[v0.A.8]' for the new store
2017-06-06 02:07:21.568+0000 INFO [o.n.k.i.a.i.IndexingService] IndexingService.init: indexes not specifically mentioned above are null
2017-06-06 02:07:21.569+0000 INFO [o.n.k.i.i.l.NativeLabelScanStore] No scan store found, this might just be first use. Preparing to rebuild.
2017-06-06 02:07:21.686+0000 INFO [o.n.k.NeoStoreDataSource] Opened logical log [/home/danieljr/workspace/DataVisualizationCourse/bbl_vis/db/neo4j/development/data/databases/graph.db/neostore.transaction.db.0] version=0, lastTxId=1 (clean)
2017-06-06 02:07:21.694+0000 INFO [o.n.k.NeoStoreDataSource] No commits found after last check point (which is at <no log position given>)
2017-06-06 02:07:21.708+0000 WARN [o.n.k.i.s.MetaDataStore] Missing counts store, rebuilding it.
2017-06-06 02:07:21.841+0000 WARN [o.n.k.i.s.MetaDataStore] Counts store rebuild completed.
2017-06-06 02:07:21.869+0000 INFO [o.n.k.i.a.i.IndexingService] IndexingService.start: indexes not specifically mentioned above are null
2017-06-06 02:07:21.872+0000 INFO [o.n.k.i.i.l.NativeLabelScanStore] Rebuilding scan store, this may take a while
2017-06-06 02:07:21.928+0000 INFO [o.n.k.i.i.l.NativeLabelScanStore] Scan store rebuilt (roughly 0 nodes)
2017-06-06 02:07:21.936+0000 INFO [o.n.k.i.DatabaseHealth] Database health set to OK
2017-06-06 02:07:23.372+0000 INFO [o.n.k.AvailabilityGuard] Fulfilling of requirement makes database available: Database available
2017-06-06 02:07:23.373+0000 INFO [o.n.k.i.f.GraphDatabaseFacadeFactory] Database is now ready
2017-06-06 02:07:23.375+0000 INFO [o.n.k.i.DiagnosticsManager] --- STARTED diagnostics for KernelDiagnostics:Versions START ---
2017-06-06 02:07:23.376+0000 INFO [o.n.k.i.DiagnosticsManager] Graph Database: community single StoreId{creationTime=1496714841124, randomId=-7312703764769667778, storeVersion=15813456178476550, upgradeTime=1496714841124, upgradeId=1}
2017-06-06 02:07:23.376+0000 INFO [o.n.k.i.DiagnosticsManager] Kernel version: 3.2.1,6bfaef081803fd1f82534da6a49efdec251eabe5
2017-06-06 02:07:23.376+0000 INFO [o.n.k.i.DiagnosticsManager] --- STARTED diagnostics for KernelDiagnostics:Versions END ---
2017-06-06 02:07:23.380+0000 INFO [o.n.k.i.DiagnosticsManager] --- STARTED diagnostics for NEO_STORE_VERSIONS START ---
2017-06-06 02:07:23.380+0000 INFO [o.n.k.i.DiagnosticsManager] Store versions:
2017-06-06 02:07:23.380+0000 INFO [o.n.k.i.DiagnosticsManager] Store versions:
2017-06-06 02:07:23.380+0000 INFO [o.n.k.i.DiagnosticsManager]   ArrayPropertyStore v0.A.8
2017-06-06 02:07:23.381+0000 INFO [o.n.k.i.DiagnosticsManager]   NodeStore v0.A.8
2017-06-06 02:07:23.381+0000 INFO [o.n.k.i.DiagnosticsManager]   StringPropertyStore v0.A.8
2017-06-06 02:07:23.381+0000 INFO [o.n.k.i.DiagnosticsManager]   PropertyIndexStore v0.A.8
2017-06-06 02:07:23.382+0000 INFO [o.n.k.i.DiagnosticsManager]   StringPropertyStore v0.A.8
2017-06-06 02:07:23.382+0000 INFO [o.n.k.i.DiagnosticsManager]   ArrayPropertyStore v0.A.8
2017-06-06 02:07:23.382+0000 INFO [o.n.k.i.DiagnosticsManager]   PropertyStore v0.A.8
2017-06-06 02:07:23.382+0000 INFO [o.n.k.i.DiagnosticsManager]   RelationshipStore v0.A.8
2017-06-06 02:07:23.382+0000 INFO [o.n.k.i.DiagnosticsManager]   StringPropertyStore v0.A.8
2017-06-06 02:07:23.382+0000 INFO [o.n.k.i.DiagnosticsManager]   RelationshipTypeStore v0.A.8
2017-06-06 02:07:23.382+0000 INFO [o.n.k.i.DiagnosticsManager]   StringPropertyStore v0.A.8
2017-06-06 02:07:23.383+0000 INFO [o.n.k.i.DiagnosticsManager]   LabelTokenStore v0.A.8
2017-06-06 02:07:23.384+0000 INFO [o.n.k.i.DiagnosticsManager]   SchemaStore v0.A.8
2017-06-06 02:07:23.387+0000 INFO [o.n.k.i.DiagnosticsManager]   RelationshipGroupStore v0.A.8
2017-06-06 02:07:23.390+0000 INFO [o.n.k.i.DiagnosticsManager]   NeoStore v0.A.8
2017-06-06 02:07:23.391+0000 INFO [o.n.k.i.DiagnosticsManager] --- STARTED diagnostics for NEO_STORE_VERSIONS END ---
2017-06-06 02:07:23.391+0000 INFO [o.n.k.i.DiagnosticsManager] --- STARTED diagnostics for NEO_STORE_ID_USAGE START ---
2017-06-06 02:07:23.391+0000 INFO [o.n.k.i.DiagnosticsManager] Id usage:
2017-06-06 02:07:23.391+0000 INFO [o.n.k.i.DiagnosticsManager] Id usage:
2017-06-06 02:07:23.391+0000 INFO [o.n.k.i.DiagnosticsManager]   ArrayPropertyStore: used=1 high=0
2017-06-06 02:07:23.392+0000 INFO [o.n.k.i.DiagnosticsManager]   NodeStore: used=0 high=-1
2017-06-06 02:07:23.392+0000 INFO [o.n.k.i.DiagnosticsManager]   StringPropertyStore: used=1 high=0
2017-06-06 02:07:23.392+0000 INFO [o.n.k.i.DiagnosticsManager]   PropertyIndexStore: used=0 high=-1
2017-06-06 02:07:23.392+0000 INFO [o.n.k.i.DiagnosticsManager]   StringPropertyStore: used=1 high=0
2017-06-06 02:07:23.393+0000 INFO [o.n.k.i.DiagnosticsManager]   ArrayPropertyStore: used=1 high=0
2017-06-06 02:07:23.393+0000 INFO [o.n.k.i.DiagnosticsManager]   PropertyStore: used=0 high=-1
2017-06-06 02:07:23.393+0000 INFO [o.n.k.i.DiagnosticsManager]   RelationshipStore: used=0 high=-1
2017-06-06 02:07:23.393+0000 INFO [o.n.k.i.DiagnosticsManager]   StringPropertyStore: used=1 high=0
2017-06-06 02:07:23.393+0000 INFO [o.n.k.i.DiagnosticsManager]   RelationshipTypeStore: used=0 high=-1
2017-06-06 02:07:23.394+0000 INFO [o.n.k.i.DiagnosticsManager]   StringPropertyStore: used=1 high=0
2017-06-06 02:07:23.394+0000 INFO [o.n.k.i.DiagnosticsManager]   LabelTokenStore: used=0 high=-1
2017-06-06 02:07:23.394+0000 INFO [o.n.k.i.DiagnosticsManager]   SchemaStore: used=1 high=0
2017-06-06 02:07:23.394+0000 INFO [o.n.k.i.DiagnosticsManager]   RelationshipGroupStore: used=1 high=0
2017-06-06 02:07:23.394+0000 INFO [o.n.k.i.DiagnosticsManager]   NeoStore: used=15 high=14
2017-06-06 02:07:23.395+0000 INFO [o.n.k.i.DiagnosticsManager] --- STARTED diagnostics for NEO_STORE_ID_USAGE END ---
2017-06-06 02:07:23.395+0000 INFO [o.n.k.i.DiagnosticsManager] --- STARTED diagnostics for NEO_STORE_RECORDS START ---
2017-06-06 02:07:23.395+0000 INFO [o.n.k.i.DiagnosticsManager] Neostore records:
2017-06-06 02:07:23.396+0000 INFO [o.n.k.i.DiagnosticsManager] TIME (Creation time): 1496714841124
2017-06-06 02:07:23.397+0000 INFO [o.n.k.i.DiagnosticsManager] RANDOM_NUMBER (Random number for store id): -7312703764769667778
2017-06-06 02:07:23.397+0000 INFO [o.n.k.i.DiagnosticsManager] LOG_VERSION (Current log version): 0
2017-06-06 02:07:23.397+0000 INFO [o.n.k.i.DiagnosticsManager] LAST_TRANSACTION_ID (Last committed transaction): 1
2017-06-06 02:07:23.397+0000 INFO [o.n.k.i.DiagnosticsManager] STORE_VERSION (Store format version): 15813456178476550
2017-06-06 02:07:23.397+0000 INFO [o.n.k.i.DiagnosticsManager] FIRST_GRAPH_PROPERTY (First property record containing graph properties): -1
2017-06-06 02:07:23.398+0000 INFO [o.n.k.i.DiagnosticsManager] LAST_CONSTRAINT_TRANSACTION (Last committed transaction containing constraint changes): 0
2017-06-06 02:07:23.398+0000 INFO [o.n.k.i.DiagnosticsManager] UPGRADE_TRANSACTION_ID (Transaction id most recent upgrade was performed at): 1
2017-06-06 02:07:23.398+0000 INFO [o.n.k.i.DiagnosticsManager] UPGRADE_TIME (Time of last upgrade): 1496714841124
2017-06-06 02:07:23.398+0000 INFO [o.n.k.i.DiagnosticsManager] LAST_TRANSACTION_CHECKSUM (Checksum of last committed transaction): 0
2017-06-06 02:07:23.398+0000 INFO [o.n.k.i.DiagnosticsManager] UPGRADE_TRANSACTION_CHECKSUM (Checksum of transaction id the most recent upgrade was performed at): 0
2017-06-06 02:07:23.399+0000 INFO [o.n.k.i.DiagnosticsManager] LAST_CLOSED_TRANSACTION_LOG_VERSION (Log version where the last transaction commit entry has been written into): 0
2017-06-06 02:07:23.399+0000 INFO [o.n.k.i.DiagnosticsManager] LAST_CLOSED_TRANSACTION_LOG_BYTE_OFFSET (Byte offset in the log file where the last transaction commit entry has been written into): 16
2017-06-06 02:07:23.399+0000 INFO [o.n.k.i.DiagnosticsManager] LAST_TRANSACTION_COMMIT_TIMESTAMP (Commit time timestamp for last committed transaction): 0
2017-06-06 02:07:23.399+0000 INFO [o.n.k.i.DiagnosticsManager] UPGRADE_TRANSACTION_COMMIT_TIMESTAMP (Commit timestamp of transaction the most recent upgrade was performed at): 0
2017-06-06 02:07:23.399+0000 INFO [o.n.k.i.DiagnosticsManager] --- STARTED diagnostics for NEO_STORE_RECORDS END ---
2017-06-06 02:07:23.402+0000 INFO [o.n.k.i.DiagnosticsManager] --- STARTED diagnostics for TRANSACTION_RANGE START ---
2017-06-06 02:07:23.402+0000 INFO [o.n.k.i.DiagnosticsManager] Transaction log:
2017-06-06 02:07:23.404+0000 INFO [o.n.k.i.DiagnosticsManager] No transactions found in any log
2017-06-06 02:07:23.404+0000 INFO [o.n.k.i.DiagnosticsManager] --- STARTED diagnostics for TRANSACTION_RANGE END ---
2017-06-06 02:07:23.405+0000 INFO [o.n.k.i.DiagnosticsManager] --- STARTED diagnostics for KernelDiagnostics:StoreFiles START ---
2017-06-06 02:07:23.406+0000 INFO [o.n.k.i.DiagnosticsManager] Disk space on partition (Total / Free / Free %): 33594130432 / 25224445952 / 75
Storage files: (filename : modification date - size)
2017-06-06 02:07:23.408+0000 INFO [o.n.k.i.DiagnosticsManager]   index:
2017-06-06 02:07:23.408+0000 INFO [o.n.k.i.DiagnosticsManager]   - Total: 2017-06-05T23:07:21-0300 - 0,00 B
2017-06-06 02:07:23.409+0000 INFO [o.n.k.i.DiagnosticsManager]   neostore: 2017-06-05T23:07:21-0300 - 8,00 kB
2017-06-06 02:07:23.410+0000 INFO [o.n.k.i.DiagnosticsManager]   neostore.counts.db.a: 2017-06-05T23:07:21-0300 - 96,00 B
2017-06-06 02:07:23.411+0000 INFO [o.n.k.i.DiagnosticsManager]   neostore.id: 2017-06-05T23:07:21-0300 - 9,00 B
2017-06-06 02:07:23.411+0000 INFO [o.n.k.i.DiagnosticsManager]   neostore.labelscanstore.db: 2017-06-05T23:07:21-0300 - 40,00 kB
2017-06-06 02:07:23.411+0000 INFO [o.n.k.i.DiagnosticsManager]   neostore.labeltokenstore.db: 2017-06-05T23:07:20-0300 - 0,00 B
2017-06-06 02:07:23.412+0000 INFO [o.n.k.i.DiagnosticsManager]   neostore.labeltokenstore.db.id: 2017-06-05T23:07:20-0300 - 9,00 B
2017-06-06 02:07:23.412+0000 INFO [o.n.k.i.DiagnosticsManager]   neostore.labeltokenstore.db.names: 2017-06-05T23:07:20-0300 - 8,00 kB
2017-06-06 02:07:23.413+0000 INFO [o.n.k.i.DiagnosticsManager]   neostore.labeltokenstore.db.names.id: 2017-06-05T23:07:20-0300 - 9,00 B
2017-06-06 02:07:23.414+0000 INFO [o.n.k.i.DiagnosticsManager]   neostore.nodestore.db: 2017-06-05T23:07:20-0300 - 0,00 B
2017-06-06 02:07:23.414+0000 INFO [o.n.k.i.DiagnosticsManager]   neostore.nodestore.db.id: 2017-06-05T23:07:20-0300 - 9,00 B
2017-06-06 02:07:23.415+0000 INFO [o.n.k.i.DiagnosticsManager]   neostore.nodestore.db.labels: 2017-06-05T23:07:20-0300 - 8,00 kB
2017-06-06 02:07:23.415+0000 INFO [o.n.k.i.DiagnosticsManager]   neostore.nodestore.db.labels.id: 2017-06-05T23:07:20-0300 - 9,00 B
2017-06-06 02:07:23.415+0000 INFO [o.n.k.i.DiagnosticsManager]   neostore.propertystore.db: 2017-06-05T23:07:20-0300 - 0,00 B
2017-06-06 02:07:23.416+0000 INFO [o.n.k.i.DiagnosticsManager]   neostore.propertystore.db.arrays: 2017-06-05T23:07:20-0300 - 8,00 kB
2017-06-06 02:07:23.416+0000 INFO [o.n.k.i.DiagnosticsManager]   neostore.propertystore.db.arrays.id: 2017-06-05T23:07:20-0300 - 9,00 B
2017-06-06 02:07:23.417+0000 INFO [o.n.k.i.DiagnosticsManager]   neostore.propertystore.db.id: 2017-06-05T23:07:20-0300 - 9,00 B
2017-06-06 02:07:23.418+0000 INFO [o.n.k.i.DiagnosticsManager]   neostore.propertystore.db.index: 2017-06-05T23:07:20-0300 - 0,00 B
2017-06-06 02:07:23.418+0000 INFO [o.n.k.i.DiagnosticsManager]   neostore.propertystore.db.index.id: 2017-06-05T23:07:20-0300 - 9,00 B
2017-06-06 02:07:23.418+0000 INFO [o.n.k.i.DiagnosticsManager]   neostore.propertystore.db.index.keys: 2017-06-05T23:07:20-0300 - 8,00 kB
2017-06-06 02:07:23.419+0000 INFO [o.n.k.i.DiagnosticsManager]   neostore.propertystore.db.index.keys.id: 2017-06-05T23:07:20-0300 - 9,00 B
2017-06-06 02:07:23.419+0000 INFO [o.n.k.i.DiagnosticsManager]   neostore.propertystore.db.strings: 2017-06-05T23:07:20-0300 - 8,00 kB
2017-06-06 02:07:23.420+0000 INFO [o.n.k.i.DiagnosticsManager]   neostore.propertystore.db.strings.id: 2017-06-05T23:07:20-0300 - 9,00 B
2017-06-06 02:07:23.421+0000 INFO [o.n.k.i.DiagnosticsManager]   neostore.relationshipgroupstore.db: 2017-06-05T23:07:20-0300 - 8,00 kB
2017-06-06 02:07:23.421+0000 INFO [o.n.k.i.DiagnosticsManager]   neostore.relationshipgroupstore.db.id: 2017-06-05T23:07:21-0300 - 9,00 B
2017-06-06 02:07:23.422+0000 INFO [o.n.k.i.DiagnosticsManager]   neostore.relationshipstore.db: 2017-06-05T23:07:20-0300 - 0,00 B
2017-06-06 02:07:23.422+0000 INFO [o.n.k.i.DiagnosticsManager]   neostore.relationshipstore.db.id: 2017-06-05T23:07:20-0300 - 9,00 B
2017-06-06 02:07:23.423+0000 INFO [o.n.k.i.DiagnosticsManager]   neostore.relationshiptypestore.db: 2017-06-05T23:07:20-0300 - 0,00 B
2017-06-06 02:07:23.423+0000 INFO [o.n.k.i.DiagnosticsManager]   neostore.relationshiptypestore.db.id: 2017-06-05T23:07:20-0300 - 9,00 B
2017-06-06 02:07:23.424+0000 INFO [o.n.k.i.DiagnosticsManager]   neostore.relationshiptypestore.db.names: 2017-06-05T23:07:20-0300 - 8,00 kB
2017-06-06 02:07:23.425+0000 INFO [o.n.k.i.DiagnosticsManager]   neostore.relationshiptypestore.db.names.id: 2017-06-05T23:07:20-0300 - 9,00 B
2017-06-06 02:07:23.425+0000 INFO [o.n.k.i.DiagnosticsManager]   neostore.schemastore.db: 2017-06-05T23:07:20-0300 - 8,00 kB
2017-06-06 02:07:23.426+0000 INFO [o.n.k.i.DiagnosticsManager]   neostore.schemastore.db.id: 2017-06-05T23:07:20-0300 - 9,00 B
2017-06-06 02:07:23.426+0000 INFO [o.n.k.i.DiagnosticsManager]   neostore.transaction.db.0: 2017-06-05T23:07:21-0300 - 16,00 B
2017-06-06 02:07:23.427+0000 INFO [o.n.k.i.DiagnosticsManager]   store_lock: 2017-06-05T23:07:19-0300 - 0,00 B
2017-06-06 02:07:23.427+0000 INFO [o.n.k.i.DiagnosticsManager] --- STARTED diagnostics for KernelDiagnostics:StoreFiles END ---
2017-06-06 02:07:29.071+0000 INFO [o.n.k.i.DiagnosticsManager] --- SERVER STARTED START ---
2017-06-06 02:07:36.218+0000 INFO [o.n.k.i.DiagnosticsManager] --- SERVER STARTED END ---
2017-06-06 02:19:52.559+0000 INFO [o.n.k.i.a.i.IndexPopulationJob] Index population started: [:Neo4j::Migrations::SchemaMigration(migration_id) [provider: {key=lucene, version=1.0}]]
2017-06-06 02:19:53.405+0000 INFO [o.n.k.i.a.i.IndexPopulationJob] Completed node store scan. Flushing all pending updates.
BatchingMultipleIndexPopulator{activeTasks=0, executor=java.util.concurrent.ThreadPoolExecutor@1547ccf8[Running, pool size = 0, active threads = 0, queued tasks = 0, completed tasks = 0], batchedUpdates = [], queuedUpdates = 0}
2017-06-06 02:19:53.407+0000 INFO [o.n.k.i.a.i.IndexPopulationJob] Shutting down executor.
BatchingMultipleIndexPopulator{activeTasks=0, executor=java.util.concurrent.ThreadPoolExecutor@1547ccf8[Running, pool size = 0, active threads = 0, queued tasks = 0, completed tasks = 0], batchedUpdates = [], queuedUpdates = 0}
2017-06-06 02:19:53.643+0000 INFO [o.n.k.i.a.i.IndexPopulationJob] Index population completed. Index is now online: [:Neo4j::Migrations::SchemaMigration(migration_id) [provider: {key=lucene, version=1.0}]]
2017-06-06 02:19:55.496+0000 INFO [o.n.k.i.a.i.IndexPopulationJob] Index population started: [:Bbl(uuid) [provider: {key=lucene, version=1.0}]]
2017-06-06 02:19:55.588+0000 INFO [o.n.k.i.a.i.IndexPopulationJob] Completed node store scan. Flushing all pending updates.
BatchingMultipleIndexPopulator{activeTasks=0, executor=java.util.concurrent.ThreadPoolExecutor@3ddb5d4f[Running, pool size = 0, active threads = 0, queued tasks = 0, completed tasks = 0], batchedUpdates = [], queuedUpdates = 0}
2017-06-06 02:19:55.588+0000 INFO [o.n.k.i.a.i.IndexPopulationJob] Shutting down executor.
BatchingMultipleIndexPopulator{activeTasks=0, executor=java.util.concurrent.ThreadPoolExecutor@3ddb5d4f[Running, pool size = 0, active threads = 0, queued tasks = 0, completed tasks = 0], batchedUpdates = [], queuedUpdates = 0}
2017-06-06 02:19:55.671+0000 INFO [o.n.k.i.a.i.IndexPopulationJob] Index population completed. Index is now online: [:Bbl(uuid) [provider: {key=lucene, version=1.0}]]
2017-06-06 02:24:02.030+0000 INFO [o.n.k.i.t.l.c.CheckPointerImpl] Check Pointing triggered by scheduler for time threshold [18]:  Starting check pointing...
2017-06-06 02:24:02.030+0000 INFO [o.n.k.i.t.l.c.CheckPointerImpl] Check Pointing triggered by scheduler for time threshold [18]:  Starting store flush...
2017-06-06 02:24:02.466+0000 INFO [o.n.k.i.s.c.CountsTracker] About to rotate counts store at transaction 18 to [/home/danieljr/workspace/DataVisualizationCourse/bbl_vis/db/neo4j/development/data/databases/graph.db/neostore.counts.db.b], from [/home/danieljr/workspace/DataVisualizationCourse/bbl_vis/db/neo4j/development/data/databases/graph.db/neostore.counts.db.a].
2017-06-06 02:24:02.468+0000 INFO [o.n.k.i.s.c.CountsTracker] Successfully rotated counts store at transaction 18 to [/home/danieljr/workspace/DataVisualizationCourse/bbl_vis/db/neo4j/development/data/databases/graph.db/neostore.counts.db.b], from [/home/danieljr/workspace/DataVisualizationCourse/bbl_vis/db/neo4j/development/data/databases/graph.db/neostore.counts.db.a].
2017-06-06 02:24:02.722+0000 INFO [o.n.k.i.t.l.c.CheckPointerImpl] Check Pointing triggered by scheduler for time threshold [18]:  Store flush completed
2017-06-06 02:24:02.722+0000 INFO [o.n.k.i.t.l.c.CheckPointerImpl] Check Pointing triggered by scheduler for time threshold [18]:  Starting appending check point entry into the tx log...
2017-06-06 02:24:02.755+0000 INFO [o.n.k.i.t.l.c.CheckPointerImpl] Check Pointing triggered by scheduler for time threshold [18]:  Appending check point entry into the tx log completed
2017-06-06 02:24:02.755+0000 INFO [o.n.k.i.t.l.c.CheckPointerImpl] Check Pointing triggered by scheduler for time threshold [18]:  Check pointing completed
2017-06-06 02:24:02.755+0000 INFO [o.n.k.i.t.l.p.LogPruningImpl] Log Rotation [0]:  Starting log pruning.
2017-06-06 02:24:02.756+0000 INFO [o.n.k.i.t.l.p.LogPruningImpl] Log Rotation [0]:  Log pruning complete.
